<?xml version="1.0" encoding="UTF-8"?>
<testng-results ignored="0" total="1" passed="1" failed="0" skipped="0">
  <reporter-output>
  </reporter-output>
  <suite started-at="2025-05-25T09:16:38 EDT" name="Default suite" finished-at="2025-05-25T09:16:43 EDT" duration-ms="5019">
    <groups>
    </groups>
    <test started-at="2025-05-25T09:16:38 EDT" name="Default test" finished-at="2025-05-25T09:16:43 EDT" duration-ms="5019">
      <class name="tests.LoginTest">
        <test-method is-config="true" signature="setUp()[pri:0, instance:tests.LoginTest@65fb9ffc]" started-at="2025-05-25T09:16:38 EDT" name="setUp" finished-at="2025-05-25T09:16:42 EDT" duration-ms="4091" status="PASS">
          <reporter-output>
          </reporter-output>
        </test-method> <!-- setUp -->
        <test-method signature="testValidLogin()[pri:0, instance:tests.LoginTest@65fb9ffc]" started-at="2025-05-25T09:16:42 EDT" name="testValidLogin" finished-at="2025-05-25T09:16:43 EDT" duration-ms="690" status="PASS">
          <reporter-output>
          </reporter-output>
        </test-method> <!-- testValidLogin -->
        <test-method is-config="true" signature="tearDown()[pri:0, instance:tests.LoginTest@65fb9ffc]" started-at="2025-05-25T09:16:43 EDT" name="tearDown" finished-at="2025-05-25T09:16:43 EDT" duration-ms="194" status="PASS">
          <reporter-output>
          </reporter-output>
        </test-method> <!-- tearDown -->
      </class> <!-- tests.LoginTest -->
    </test> <!-- Default test -->
  </suite> <!-- Default suite -->
</testng-results>
